[2019-05-23 05:43:39] flutterwave/rave.NOTICE: Generating Reference Number.... [] []
[2019-05-23 05:43:39] flutterwave/rave.NOTICE: Generated Reference Number....155859021938074585 [] []
[2019-05-23 05:43:39] flutterwave/rave.NOTICE: Rave Class Initializes.... [] []
[2019-05-23 05:43:39] flutterwave/rave.WARNING: Stop!!! Please pass the txref parameter! [] []
[2019-05-23 05:45:13] flutterwave/rave.NOTICE: Generating Reference Number.... [] []
[2019-05-23 05:45:13] flutterwave/rave.NOTICE: Generated Reference Number....15585903128937755 [] []
[2019-05-23 05:45:13] flutterwave/rave.NOTICE: Rave Class Initializes.... [] []
[2019-05-23 05:45:13] flutterwave/rave.WARNING: Stop!!! Please pass the txref parameter! [] []
[2019-05-23 05:53:23] flutterwave/rave.NOTICE: Generating Reference Number.... [] []
[2019-05-23 05:53:23] flutterwave/rave.NOTICE: Generated Reference Number....155859080339379505 [] []
[2019-05-23 05:53:23] flutterwave/rave.NOTICE: Rave Class Initializes.... [] []
[2019-05-23 05:53:23] flutterwave/rave.WARNING: Stop!!! Please pass the txref parameter! [] []
[2019-05-23 05:54:21] flutterwave/rave.NOTICE: Generating Reference Number.... [] []
[2019-05-23 05:54:21] flutterwave/rave.NOTICE: Generated Reference Number....155859080339379505 [] []
[2019-05-23 05:54:21] flutterwave/rave.NOTICE: Rave Class Initializes.... [] []
[2019-05-23 05:54:21] flutterwave/rave.WARNING: Stop!!! Please pass the txref parameter! [] []
[2019-05-23 05:54:49] flutterwave/rave.NOTICE: Generating Reference Number.... [] []
[2019-05-23 05:54:49] flutterwave/rave.NOTICE: Generated Reference Number....155859080339379505 [] []
[2019-05-23 05:54:49] flutterwave/rave.NOTICE: Rave Class Initializes.... [] []
[2019-05-23 05:54:49] flutterwave/rave.WARNING: Stop!!! Please pass the txref parameter! [] []
[2019-05-23 05:56:48] flutterwave/rave.NOTICE: Generating Reference Number.... [] []
[2019-05-23 05:56:48] flutterwave/rave.NOTICE: Generated Reference Number....155859100818489665 [] []
[2019-05-23 05:56:48] flutterwave/rave.NOTICE: Rave Class Initializes.... [] []
[2019-05-23 05:56:48] flutterwave/rave.WARNING: Stop!!! Please pass the txref parameter! [] []
[2019-05-23 05:59:28] flutterwave/rave.NOTICE: Generating Reference Number.... [] []
[2019-05-23 05:59:28] flutterwave/rave.NOTICE: Generated Reference Number....155859116824774425 [] []
[2019-05-23 05:59:28] flutterwave/rave.NOTICE: Rave Class Initializes.... [] []
[2019-05-23 05:59:28] flutterwave/rave.NOTICE: Generating Checksum.... [] []
